# JRE version: OpenJDK Runtime Environment Temurin-21.0.8+9 (21.0.8+9) (build 21.0.8+9-LTS)
# Java VM: OpenJDK 64-Bit Server VM Temurin-21.0.8+9 (21.0.8+9-LTS, mixed mode, sharing, tiered, compressed oops, compressed class ptrs, parallel gc, windows-amd64)
GC Precious Log:
 CardTable entry size: 512
 CPUs: 8 total, 8 available
 Memory: 16251M
 Large Page Support: Disabled
 NUMA Support: Disabled
 Compressed Oops: Enabled (32-bit)
 Alignments: Space 512K, Generation 512K, Heap 2M
 Heap Min Capacity: 100M
 Heap Initial Capacity: 100M
 Heap Max Capacity: 2G
 Pre-touch: Disabled
 Parallel Workers: 8
Heap:
 PSYoungGen      total 21504K, used 1821K [0x00000000d5580000, 0x00000000d6e00000, 0x0000000100000000)
  eden space 19968K, 1% used [0x00000000d5580000,0x00000000d55d5e30,0x00000000d6900000)
  from space 1536K, 96% used [0x00000000d6900000,0x00000000d6a71810,0x00000000d6a80000)
  to   space 2560K, 0% used [0x00000000d6b80000,0x00000000d6b80000,0x00000000d6e00000)
 ParOldGen       total 68608K, used 37516K [0x0000000080000000, 0x0000000084300000, 0x00000000d5580000)
  object space 68608K, 54% used [0x0000000080000000,0x00000000824a3370,0x0000000084300000)
 Metaspace       used 44864K, committed 45888K, reserved 1114112K
  class space    used 4473K, committed 4928K, reserved 1048576K
GC Heap History (20 events):
Event: 32.287 GC heap before
{Heap before GC invocations=23 (full 2):
 PSYoungGen      total 23040K, used 23037K [0x00000000d5580000, 0x00000000d7100000, 0x0000000100000000)
  eden space 22016K, 100% used [0x00000000d5580000,0x00000000d6b00000,0x00000000d6b00000)
  from space 1024K, 99% used [0x00000000d6e00000,0x00000000d6eff4c8,0x00000000d6f00000)
  to   space 3072K, 0% used [0x00000000d6b00000,0x00000000d6b00000,0x00000000d6e00000)
 ParOldGen       total 68608K, used 25543K [0x0000000080000000, 0x0000000084300000, 0x00000000d5580000)
  object space 68608K, 37% used [0x0000000080000000,0x00000000818f1f60,0x0000000084300000)
 Metaspace       used 39732K, committed 40704K, reserved 1114112K
  class space    used 3960K, committed 4416K, reserved 1048576K
}
Event: 32.292 GC heap after
{Heap after GC invocations=23 (full 2):
 PSYoungGen      total 25088K, used 3067K [0x00000000d5580000, 0x00000000d7200000, 0x0000000100000000)
  eden space 22016K, 0% used [0x00000000d5580000,0x00000000d5580000,0x00000000d6b00000)
  from space 3072K, 99% used [0x00000000d6b00000,0x00000000d6dfef78,0x00000000d6e00000)
  to   space 3584K, 0% used [0x00000000d6e80000,0x00000000d6e80000,0x00000000d7200000)
 ParOldGen       total 68608K, used 26349K [0x0000000080000000, 0x0000000084300000, 0x00000000d5580000)
  object space 68608K, 38% used [0x0000000080000000,0x00000000819bb660,0x0000000084300000)
 Metaspace       used 39732K, committed 40704K, reserved 1114112K
  class space    used 3960K, committed 4416K, reserved 1048576K
}
Event: 32.422 GC heap before
{Heap before GC invocations=24 (full 2):
 PSYoungGen      total 25088K, used 25083K [0x00000000d5580000, 0x00000000d7200000, 0x0000000100000000)
  eden space 22016K, 100% used [0x00000000d5580000,0x00000000d6b00000,0x00000000d6b00000)
  from space 3072K, 99% used [0x00000000d6b00000,0x00000000d6dfef78,0x00000000d6e00000)
  to   space 3584K, 0% used [0x00000000d6e80000,0x00000000d6e80000,0x00000000d7200000)
 ParOldGen       total 68608K, used 26349K [0x0000000080000000, 0x0000000084300000, 0x00000000d5580000)
  object space 68608K, 38% used [0x0000000080000000,0x00000000819bb660,0x0000000084300000)
 Metaspace       used 39838K, committed 40832K, reserved 1114112K
  class space    used 3965K, committed 4416K, reserved 1048576K
}
Event: 32.424 GC heap after
{Heap after GC invocations=24 (full 2):
 PSYoungGen      total 23040K, used 736K [0x00000000d5580000, 0x00000000d6f80000, 0x0000000100000000)
  eden space 22016K, 0% used [0x00000000d5580000,0x00000000d5580000,0x00000000d6b00000)
  from space 1024K, 71% used [0x00000000d6e80000,0x00000000d6f38000,0x00000000d6f80000)
  to   space 2048K, 0% used [0x00000000d6b80000,0x00000000d6b80000,0x00000000d6d80000)
 ParOldGen       total 68608K, used 29263K [0x0000000080000000, 0x0000000084300000, 0x00000000d5580000)
  object space 68608K, 42% used [0x0000000080000000,0x0000000081c93c28,0x0000000084300000)
 Metaspace       used 39838K, committed 40832K, reserved 1114112K
  class space    used 3965K, committed 4416K, reserved 1048576K
}
Event: 32.485 GC heap before
{Heap before GC invocations=25 (full 2):
 PSYoungGen      total 23040K, used 22752K [0x00000000d5580000, 0x00000000d6f80000, 0x0000000100000000)
  eden space 22016K, 100% used [0x00000000d5580000,0x00000000d6b00000,0x00000000d6b00000)
  from space 1024K, 71% used [0x00000000d6e80000,0x00000000d6f38000,0x00000000d6f80000)
  to   space 2048K, 0% used [0x00000000d6b80000,0x00000000d6b80000,0x00000000d6d80000)
 ParOldGen       total 68608K, used 29263K [0x0000000080000000, 0x0000000084300000, 0x00000000d5580000)
  object space 68608K, 42% used [0x0000000080000000,0x0000000081c93c28,0x0000000084300000)
 Metaspace       used 39838K, committed 40832K, reserved 1114112K
  class space    used 3965K, committed 4416K, reserved 1048576K
}
Event: 32.487 GC heap after
{Heap after GC invocations=25 (full 2):
 PSYoungGen      total 24064K, used 672K [0x00000000d5580000, 0x00000000d6f00000, 0x0000000100000000)
  eden space 22016K, 0% used [0x00000000d5580000,0x00000000d5580000,0x00000000d6b00000)
  from space 2048K, 32% used [0x00000000d6b80000,0x00000000d6c28000,0x00000000d6d80000)
  to   space 1024K, 0% used [0x00000000d6e00000,0x00000000d6e00000,0x00000000d6f00000)
 ParOldGen       total 68608K, used 29879K [0x0000000080000000, 0x0000000084300000, 0x00000000d5580000)
  object space 68608K, 43% used [0x0000000080000000,0x0000000081d2dc28,0x0000000084300000)
 Metaspace       used 39838K, committed 40832K, reserved 1114112K
  class space    used 3965K, committed 4416K, reserved 1048576K
}
Event: 32.512 GC heap before
{Heap before GC invocations=26 (full 2):
 PSYoungGen      total 24064K, used 22688K [0x00000000d5580000, 0x00000000d6f00000, 0x0000000100000000)
  eden space 22016K, 100% used [0x00000000d5580000,0x00000000d6b00000,0x00000000d6b00000)
  from space 2048K, 32% used [0x00000000d6b80000,0x00000000d6c28000,0x00000000d6d80000)
  to   space 1024K, 0% used [0x00000000d6e00000,0x00000000d6e00000,0x00000000d6f00000)
 ParOldGen       total 68608K, used 29879K [0x0000000080000000, 0x0000000084300000, 0x00000000d5580000)
  object space 68608K, 43% used [0x0000000080000000,0x0000000081d2dc28,0x0000000084300000)
 Metaspace       used 39838K, committed 40832K, reserved 1114112K
  class space    used 3965K, committed 4416K, reserved 1048576K
}
Event: 32.514 GC heap after
{Heap after GC invocations=26 (full 2):
 PSYoungGen      total 23040K, used 672K [0x00000000d5580000, 0x00000000d6f00000, 0x0000000100000000)
  eden space 22016K, 0% used [0x00000000d5580000,0x00000000d5580000,0x00000000d6b00000)
  from space 1024K, 65% used [0x00000000d6e00000,0x00000000d6ea8000,0x00000000d6f00000)
  to   space 1024K, 0% used [0x00000000d6d00000,0x00000000d6d00000,0x00000000d6e00000)
 ParOldGen       total 68608K, used 30439K [0x0000000080000000, 0x0000000084300000, 0x00000000d5580000)
  object space 68608K, 44% used [0x0000000080000000,0x0000000081db9c28,0x0000000084300000)
 Metaspace       used 39838K, committed 40832K, reserved 1114112K
  class space    used 3965K, committed 4416K, reserved 1048576K
}
Event: 32.546 GC heap before
{Heap before GC invocations=27 (full 2):
 PSYoungGen      total 23040K, used 22688K [0x00000000d5580000, 0x00000000d6f00000, 0x0000000100000000)
  eden space 22016K, 100% used [0x00000000d5580000,0x00000000d6b00000,0x00000000d6b00000)
  from space 1024K, 65% used [0x00000000d6e00000,0x00000000d6ea8000,0x00000000d6f00000)
  to   space 1024K, 0% used [0x00000000d6d00000,0x00000000d6d00000,0x00000000d6e00000)
 ParOldGen       total 68608K, used 30439K [0x0000000080000000, 0x0000000084300000, 0x00000000d5580000)
  object space 68608K, 44% used [0x0000000080000000,0x0000000081db9c28,0x0000000084300000)
 Metaspace       used 39838K, committed 40832K, reserved 1114112K
  class space    used 3965K, committed 4416K, reserved 1048576K
}
Event: 32.548 GC heap after
{Heap after GC invocations=27 (full 2):
 PSYoungGen      total 23040K, used 736K [0x00000000d5580000, 0x00000000d6e80000, 0x0000000100000000)
  eden space 22016K, 0% used [0x00000000d5580000,0x00000000d5580000,0x00000000d6b00000)
  from space 1024K, 71% used [0x00000000d6d00000,0x00000000d6db8000,0x00000000d6e00000)
  to   space 512K, 0% used [0x00000000d6e00000,0x00000000d6e00000,0x00000000d6e80000)
 ParOldGen       total 68608K, used 31055K [0x0000000080000000, 0x0000000084300000, 0x00000000d5580000)
  object space 68608K, 45% used [0x0000000080000000,0x0000000081e53c28,0x0000000084300000)
 Metaspace       used 39838K, committed 40832K, reserved 1114112K
  class space    used 3965K, committed 4416K, reserved 1048576K
}
Event: 32.568 GC heap before
{Heap before GC invocations=28 (full 2):
 PSYoungGen      total 23040K, used 22752K [0x00000000d5580000, 0x00000000d6e80000, 0x0000000100000000)
  eden space 22016K, 100% used [0x00000000d5580000,0x00000000d6b00000,0x00000000d6b00000)
  from space 1024K, 71% used [0x00000000d6d00000,0x00000000d6db8000,0x00000000d6e00000)
  to   space 512K, 0% used [0x00000000d6e00000,0x00000000d6e00000,0x00000000d6e80000)
 ParOldGen       total 68608K, used 31055K [0x0000000080000000, 0x0000000084300000, 0x00000000d5580000)
  object space 68608K, 45% used [0x0000000080000000,0x0000000081e53c28,0x0000000084300000)
 Metaspace       used 39839K, committed 40832K, reserved 1114112K
  class space    used 3965K, committed 4416K, reserved 1048576K
}
Event: 32.570 GC heap after
{Heap after GC invocations=28 (full 2):
 PSYoungGen      total 22528K, used 512K [0x00000000d5580000, 0x00000000d6f00000, 0x0000000100000000)
  eden space 22016K, 0% used [0x00000000d5580000,0x00000000d5580000,0x00000000d6b00000)
  from space 512K, 100% used [0x00000000d6e00000,0x00000000d6e80000,0x00000000d6e80000)
  to   space 2048K, 0% used [0x00000000d6b00000,0x00000000d6b00000,0x00000000d6d00000)
 ParOldGen       total 68608K, used 32044K [0x0000000080000000, 0x0000000084300000, 0x00000000d5580000)
  object space 68608K, 46% used [0x0000000080000000,0x0000000081f4b388,0x0000000084300000)
 Metaspace       used 39839K, committed 40832K, reserved 1114112K
  class space    used 3965K, committed 4416K, reserved 1048576K
}
Event: 32.687 GC heap before
{Heap before GC invocations=29 (full 2):
 PSYoungGen      total 22528K, used 22528K [0x00000000d5580000, 0x00000000d6f00000, 0x0000000100000000)
  eden space 22016K, 100% used [0x00000000d5580000,0x00000000d6b00000,0x00000000d6b00000)
  from space 512K, 100% used [0x00000000d6e00000,0x00000000d6e80000,0x00000000d6e80000)
  to   space 2048K, 0% used [0x00000000d6b00000,0x00000000d6b00000,0x00000000d6d00000)
 ParOldGen       total 68608K, used 32044K [0x0000000080000000, 0x0000000084300000, 0x00000000d5580000)
  object space 68608K, 46% used [0x0000000080000000,0x0000000081f4b388,0x0000000084300000)
 Metaspace       used 39857K, committed 40832K, reserved 1114112K
  class space    used 3965K, committed 4416K, reserved 1048576K
}
Event: 32.688 GC heap after
{Heap after GC invocations=29 (full 2):
 PSYoungGen      total 24064K, used 1119K [0x00000000d5580000, 0x00000000d6e80000, 0x0000000100000000)
  eden space 22016K, 0% used [0x00000000d5580000,0x00000000d5580000,0x00000000d6b00000)
  from space 2048K, 54% used [0x00000000d6b00000,0x00000000d6c17ff8,0x00000000d6d00000)
  to   space 1536K, 0% used [0x00000000d6d00000,0x00000000d6d00000,0x00000000d6e80000)
 ParOldGen       total 68608K, used 32500K [0x0000000080000000, 0x0000000084300000, 0x00000000d5580000)
  object space 68608K, 47% used [0x0000000080000000,0x0000000081fbd388,0x0000000084300000)
 Metaspace       used 39857K, committed 40832K, reserved 1114112K
  class space    used 3965K, committed 4416K, reserved 1048576K
}
Event: 32.831 GC heap before
{Heap before GC invocations=30 (full 2):
 PSYoungGen      total 24064K, used 23135K [0x00000000d5580000, 0x00000000d6e80000, 0x0000000100000000)
  eden space 22016K, 100% used [0x00000000d5580000,0x00000000d6b00000,0x00000000d6b00000)
  from space 2048K, 54% used [0x00000000d6b00000,0x00000000d6c17ff8,0x00000000d6d00000)
  to   space 1536K, 0% used [0x00000000d6d00000,0x00000000d6d00000,0x00000000d6e80000)
 ParOldGen       total 68608K, used 32500K [0x0000000080000000, 0x0000000084300000, 0x00000000d5580000)
  object space 68608K, 47% used [0x0000000080000000,0x0000000081fbd388,0x0000000084300000)
 Metaspace       used 39882K, committed 40832K, reserved 1114112K
  class space    used 3965K, committed 4416K, reserved 1048576K
}
Event: 32.832 GC heap after
{Heap after GC invocations=30 (full 2):
 PSYoungGen      total 23040K, used 864K [0x00000000d5580000, 0x00000000d6e00000, 0x0000000100000000)
  eden space 22016K, 0% used [0x00000000d5580000,0x00000000d5580000,0x00000000d6b00000)
  from space 1024K, 84% used [0x00000000d6d00000,0x00000000d6dd8000,0x00000000d6e00000)
  to   space 1024K, 0% used [0x00000000d6c00000,0x00000000d6c00000,0x00000000d6d00000)
 ParOldGen       total 68608K, used 33301K [0x0000000080000000, 0x0000000084300000, 0x00000000d5580000)
  object space 68608K, 48% used [0x0000000080000000,0x0000000082085478,0x0000000084300000)
 Metaspace       used 39882K, committed 40832K, reserved 1114112K
  class space    used 3965K, committed 4416K, reserved 1048576K
}
Event: 36.000 GC heap before
{Heap before GC invocations=31 (full 2):
 PSYoungGen      total 23040K, used 22880K [0x00000000d5580000, 0x00000000d6e00000, 0x0000000100000000)
  eden space 22016K, 100% used [0x00000000d5580000,0x00000000d6b00000,0x00000000d6b00000)
  from space 1024K, 84% used [0x00000000d6d00000,0x00000000d6dd8000,0x00000000d6e00000)
  to   space 1024K, 0% used [0x00000000d6c00000,0x00000000d6c00000,0x00000000d6d00000)
 ParOldGen       total 68608K, used 33301K [0x0000000080000000, 0x0000000084300000, 0x00000000d5580000)
  object space 68608K, 48% used [0x0000000080000000,0x0000000082085478,0x0000000084300000)
 Metaspace       used 39896K, committed 40896K, reserved 1114112K
  class space    used 3968K, committed 4416K, reserved 1048576K
}
Event: 36.002 GC heap after
{Heap after GC invocations=31 (full 2):
 PSYoungGen      total 23040K, used 676K [0x00000000d5580000, 0x00000000d6d80000, 0x0000000100000000)
  eden space 22016K, 0% used [0x00000000d5580000,0x00000000d5580000,0x00000000d6b00000)
  from space 1024K, 66% used [0x00000000d6c00000,0x00000000d6ca9050,0x00000000d6d00000)
  to   space 512K, 0% used [0x00000000d6d00000,0x00000000d6d00000,0x00000000d6d80000)
 ParOldGen       total 68608K, used 33964K [0x0000000080000000, 0x0000000084300000, 0x00000000d5580000)
  object space 68608K, 49% used [0x0000000080000000,0x000000008212b358,0x0000000084300000)
 Metaspace       used 39896K, committed 40896K, reserved 1114112K
  class space    used 3968K, committed 4416K, reserved 1048576K
}
Event: 37.713 GC heap before
{Heap before GC invocations=32 (full 2):
 PSYoungGen      total 23040K, used 22692K [0x00000000d5580000, 0x00000000d6d80000, 0x0000000100000000)
  eden space 22016K, 100% used [0x00000000d5580000,0x00000000d6b00000,0x00000000d6b00000)
  from space 1024K, 66% used [0x00000000d6c00000,0x00000000d6ca9050,0x00000000d6d00000)
  to   space 512K, 0% used [0x00000000d6d00000,0x00000000d6d00000,0x00000000d6d80000)
 ParOldGen       total 68608K, used 33964K [0x0000000080000000, 0x0000000084300000, 0x00000000d5580000)
  object space 68608K, 49% used [0x0000000080000000,0x000000008212b358,0x0000000084300000)
 Metaspace       used 42204K, committed 43200K, reserved 1114112K
  class space    used 4205K, committed 4672K, reserved 1048576K
}
Event: 37.716 GC heap after
{Heap after GC invocations=32 (full 2):
 PSYoungGen      total 20480K, used 512K [0x00000000d5580000, 0x00000000d7300000, 0x0000000100000000)
  eden space 19968K, 0% used [0x00000000d5580000,0x00000000d5580000,0x00000000d6900000)
  from space 512K, 100% used [0x00000000d6d00000,0x00000000d6d80000,0x00000000d6d80000)
  to   space 4096K, 0% used [0x00000000d6900000,0x00000000d6900000,0x00000000d6d00000)
 ParOldGen       total 68608K, used 37020K [0x0000000080000000, 0x0000000084300000, 0x00000000d5580000)
  object space 68608K, 53% used [0x0000000080000000,0x0000000082427340,0x0000000084300000)
 Metaspace       used 42204K, committed 43200K, reserved 1114112K
  class space    used 4205K, committed 4672K, reserved 1048576K
}

